<?xml version="1.0" encoding="UTF-8"?>
<testsuite xmlns:xsi="http://www.w3.org/2001/XMLSchema-instance" xsi:noNamespaceSchemaLocation="https://maven.apache.org/surefire/maven-surefire-plugin/xsd/surefire-test-report-3.0.xsd" version="3.0" name="TestUnifier" time="0.066" tests="7" errors="0" skipped="0" failures="0">
  <properties>
[...]
</properties>
  <testcase name="testUnifyPipeDelimiter" classname="TestUnifier" time="0.0"/>
  <testcase name="testUnify030" classname="TestUnifier" time="0.002"/>
  <testcase name="testUnify100" classname="TestUnifier" time="0.002"/>
  <testcase name="testUnify21E" classname="TestUnifier" time="0.003"/>
  <testcase name="testUnify411" classname="TestUnifier" time="0.002"/>
  <testcase name="testUnify700" classname="TestUnifier" time="0.004"/>
  <testcase name="testUnifyAll" classname="TestUnifier" time="0.028"/>
</testsuite>